2022-05-22 21:25:30,036 -root -  INFO - **************************Test_001_Login Started********************************
2022-05-22 21:25:30,036 -root -  INFO - **************************test_HomePageTitle Initialize*************************
2022-05-22 21:25:30,036 -root -  INFO - ******************************Opening URL*************************************** 
2022-05-22 21:25:31,531 -root -  INFO - ********************************test_HomePageTitle Passed *****************************
2022-05-22 21:25:36,693 -root -  INFO - ******************************test_LoginActio Initialize*************************
2022-05-22 21:25:36,693 -root -  INFO - ******************************Opening URL*************************************** 
2022-05-22 21:25:57,892 -root -  INFO - ********************************test_LoginAction Passed *****************************
2022-05-22 22:48:13,648 -root -  INFO - **************************Test_001_Login Started********************************
2022-05-22 22:48:13,648 -root -  INFO - **************************test_HomePageTitle Initialize*************************
2022-05-22 22:48:13,648 -root -  INFO - ******************************Opening URL*************************************** 
2022-05-22 22:48:15,012 -root -  INFO - ********************************test_HomePageTitle Passed *****************************
2022-05-22 22:48:16,449 -root -  INFO - ******************************test_LoginActio Initialize*************************
2022-05-22 22:48:16,449 -root -  INFO - ******************************Opening URL*************************************** 
2022-05-22 22:48:22,127 -root -  INFO - ********************************test_LoginAction Passed *****************************
2022-05-22 22:48:42,291 -root -  INFO - **************************Test_001_Login Started********************************
2022-05-22 22:48:42,291 -root -  INFO - **************************test_HomePageTitle Initialize*************************
2022-05-22 22:48:42,291 -root -  INFO - ******************************Opening URL*************************************** 
2022-05-22 22:48:42,542 -root -  INFO - ******************************test_LoginActio Initialize*************************
2022-05-22 22:48:42,542 -root -  INFO - ******************************Opening URL*************************************** 
2022-05-22 22:49:54,906 -root -  INFO - **************************Test_001_Login Started********************************
2022-05-22 22:49:54,906 -root -  INFO - **************************test_HomePageTitle Initialize*************************
2022-05-22 22:49:54,906 -root -  INFO - ******************************Opening URL*************************************** 
2022-05-22 22:49:56,460 -root -  INFO - ********************************test_HomePageTitle Passed *****************************
2022-05-22 22:50:03,190 -root -  INFO - ******************************test_LoginActio Initialize*************************
2022-05-22 22:50:03,190 -root -  INFO - ******************************Opening URL*************************************** 
2022-05-22 22:50:06,866 -root -  INFO - ********************************test_LoginAction Passed *****************************
2022-05-22 22:50:30,471 -root -  INFO - **************************Test_001_Login Started********************************
2022-05-22 22:50:30,471 -root -  INFO - **************************test_HomePageTitle Initialize*************************
2022-05-22 22:50:30,471 -root -  INFO - ******************************Opening URL*************************************** 
2022-05-22 22:51:02,398 -root -  ERROR - ********************************test_HomePageTitle Failed *****************************
2022-05-22 22:51:06,109 -root -  INFO - ******************************test_LoginActio Initialize*************************
2022-05-22 22:51:06,109 -root -  INFO - ******************************Opening URL*************************************** 
2022-05-22 22:51:26,913 -root -  INFO - ********************************test_LoginAction Passed *****************************
2022-05-22 23:11:56,295 -root -  INFO - **************************Test_001_Login Started********************************
2022-05-22 23:11:56,295 -root -  INFO - **************************test_HomePageTitle Initialize*************************
2022-05-22 23:11:56,295 -root -  INFO - ******************************Opening URL*************************************** 
2022-05-22 23:11:57,887 -root -  INFO - ********************************test_HomePageTitle Passed *****************************
2022-05-22 23:12:03,383 -root -  INFO - ******************************test_LoginActio Initialize*************************
2022-05-22 23:12:03,383 -root -  INFO - ******************************Opening URL*************************************** 
2022-05-22 23:12:08,796 -root -  INFO - ********************************test_LoginAction Passed *****************************
2022-05-22 23:53:52,953 -root -  INFO - ******************************test_LoginActio Initialize*************************
2022-05-22 23:53:52,953 -root -  INFO - ******************************Opening URL*************************************** 
2022-05-22 23:59:11,522 -root -  INFO - ******************************test_LoginActio Initialize*************************
2022-05-22 23:59:11,522 -root -  INFO - ******************************Opening URL*************************************** 
2022-05-23 00:01:55,854 -root -  INFO - ******************************test_LoginActio Initialize*************************
2022-05-23 00:01:55,854 -root -  INFO - ******************************Opening URL*************************************** 
2022-05-23 00:05:14,639 -root -  INFO - ******************************test_LoginActio Initialize*************************
2022-05-23 00:05:14,639 -root -  INFO - ******************************Opening URL*************************************** 
2022-05-23 00:05:41,415 -root -  INFO - ****************** Passed **********************
2022-05-23 00:06:00,504 -root -  INFO - ******************DDT Login Test Passed****************
2022-05-23 00:06:00,570 -root -  INFO - **************DDT Login Test Completed***********************
2022-05-23 00:06:00,570 -root -  INFO - ***************Test_002_DDT_Login Completed ***************** 
2022-05-23 00:07:03,499 -root -  INFO - ******************************test_LoginActio Initialize*************************
2022-05-23 00:07:03,499 -root -  INFO - ******************************Opening URL*************************************** 
2022-05-23 00:07:14,016 -root -  INFO - ****************** Passed **********************
2022-05-23 00:13:08,603 -root -  INFO - ******************************test_LoginActio Initialize*************************
2022-05-23 00:13:08,603 -root -  INFO - ******************************Opening URL*************************************** 
2022-05-23 00:16:24,465 -root -  INFO - ******************************test_LoginActio Initialize*************************
2022-05-23 00:16:24,465 -root -  INFO - ******************************Opening URL*************************************** 
2022-05-23 00:16:46,853 -root -  INFO - ****************** Passed **********************
2022-05-23 00:16:48,237 -root -  INFO - ******************DDT Login Test Passed****************
2022-05-23 00:16:48,300 -root -  INFO - **************DDT Login Test Completed***********************
2022-05-23 00:16:48,300 -root -  INFO - ***************Test_002_DDT_Login Completed ***************** 
2022-05-23 00:33:21,804 -root -  INFO - ******************************test_LoginActio Initialize*************************
2022-05-23 00:33:21,804 -root -  INFO - ******************************Opening URL*************************************** 
2022-05-23 00:33:42,754 -root -  INFO - ****************** Passed **********************
2022-05-23 00:33:45,152 -root -  INFO - ******************DDT Login Test Passed****************
2022-05-23 00:35:25,928 -root -  INFO - ******************************test_LoginActio Initialize*************************
2022-05-23 00:35:25,928 -root -  INFO - ******************************Opening URL*************************************** 
2022-05-23 00:35:31,671 -root -  INFO - ****************** Passed **********************
2022-05-23 00:37:08,438 -root -  INFO - ******************************test_LoginActio Initialize*************************
2022-05-23 00:37:08,438 -root -  INFO - ******************************Opening URL*************************************** 
2022-05-23 00:37:14,431 -root -  INFO - ****************** Passed **********************
2022-05-23 00:42:26,391 -root -  INFO - ******************************test_LoginActio Initialize*************************
2022-05-23 00:42:26,391 -root -  INFO - ******************************Opening URL*************************************** 
2022-05-23 00:42:48,175 -root -  INFO - ****************** Passed **********************
2022-05-23 00:43:50,567 -root -  INFO - ******************************test_LoginActio Initialize*************************
2022-05-23 00:43:50,567 -root -  INFO - ******************************Opening URL*************************************** 
2022-05-23 00:44:00,814 -root -  INFO - ****************** Passed **********************
2022-05-23 00:46:20,103 -root -  INFO - ******************************test_LoginActio Initialize*************************
2022-05-23 00:46:20,111 -root -  INFO - ******************************Opening URL*************************************** 
2022-05-23 00:46:59,955 -root -  INFO - ****************** Passed **********************
2022-05-23 00:47:26,777 -root -  INFO - ******************************test_LoginActio Initialize*************************
2022-05-23 00:47:26,777 -root -  INFO - ******************************Opening URL*************************************** 
2022-05-23 00:47:37,441 -root -  INFO - ****************** Passed **********************
2022-05-23 00:47:44,985 -root -  INFO - ****************** Passed **********************
2022-05-23 00:49:05,178 -root -  INFO - ******************************test_LoginActio Initialize*************************
2022-05-23 00:49:05,178 -root -  INFO - ******************************Opening URL*************************************** 
2022-05-23 00:49:41,301 -root -  INFO - ******************************test_LoginActio Initialize*************************
2022-05-23 00:49:41,301 -root -  INFO - ******************************Opening URL*************************************** 
2022-05-23 00:49:54,343 -root -  INFO - ****************** Passed **********************
2022-05-23 00:51:21,773 -root -  INFO - ******************************test_LoginActio Initialize*************************
2022-05-23 00:51:21,773 -root -  INFO - ******************************Opening URL*************************************** 
2022-05-23 00:51:47,960 -root -  INFO - ****************** Passed **********************
2022-05-23 00:52:55,065 -root -  INFO - ******************************test_LoginActio Initialize*************************
2022-05-23 00:52:55,066 -root -  INFO - ******************************Opening URL*************************************** 
2022-05-23 00:53:07,825 -root -  INFO - ****************** Passed **********************
2022-05-23 00:53:39,449 -root -  INFO - ******************************test_LoginActio Initialize*************************
2022-05-23 00:53:39,449 -root -  INFO - ******************************Opening URL*************************************** 
2022-05-23 00:54:59,235 -root -  INFO - ******************************test_LoginActio Initialize*************************
2022-05-23 00:54:59,235 -root -  INFO - ******************************Opening URL*************************************** 
2022-05-23 00:55:22,693 -root -  INFO - ****************** Passed **********************
2022-05-23 00:55:48,579 -root -  INFO - ******************************test_LoginActio Initialize*************************
2022-05-23 00:55:48,579 -root -  INFO - ******************************Opening URL*************************************** 
2022-05-23 00:56:13,280 -root -  INFO - ****************** Passed **********************
2022-05-23 00:57:02,805 -root -  INFO - ******************************test_LoginActio Initialize*************************
2022-05-23 00:57:02,805 -root -  INFO - ******************************Opening URL*************************************** 
2022-05-23 00:57:28,426 -root -  INFO - ****************** Passed **********************
2022-05-23 00:57:50,786 -root -  INFO - ****************** Passed **********************
2022-05-23 00:58:11,755 -root -  INFO - ****************** Passed **********************
2022-05-23 00:58:32,266 -root -  INFO - ****************** Passed **********************
2022-05-23 00:58:32,266 -root -  INFO - ******************DDT Login Test Passed****************
2022-05-23 00:58:32,301 -root -  INFO - **************DDT Login Test Completed***********************
2022-05-23 00:58:32,301 -root -  INFO - ***************Test_002_DDT_Login Completed ***************** 
